==00:00:00:00.000 4224== Memcheck, a memory error detector
==00:00:00:00.000 4224== Copyright (C) 2002-2013, and GNU GPL'd, by Julian Seward et al.
==00:00:00:00.000 4224== Using Valgrind-3.10.1 and LibVEX; rerun with -h for copyright info
==00:00:00:00.000 4224== Command: ./SF_Crime
==00:00:00:00.000 4224== Parent PID: 4223
==00:00:00:00.000 4224== 
==00:00:05:52.093 4224== 
==00:00:05:52.098 4224== HEAP SUMMARY:
==00:00:05:52.098 4224==     in use at exit: 72,712 bytes in 2 blocks
==00:00:05:52.098 4224==   total heap usage: 26,341,787 allocs, 26,341,785 frees, 2,000,613,728 bytes allocated
==00:00:05:52.098 4224== 
==00:00:05:52.104 4224== LEAK SUMMARY:
==00:00:05:52.104 4224==    definitely lost: 0 bytes in 0 blocks
==00:00:05:52.104 4224==    indirectly lost: 0 bytes in 0 blocks
==00:00:05:52.104 4224==      possibly lost: 0 bytes in 0 blocks
==00:00:05:52.104 4224==    still reachable: 72,712 bytes in 2 blocks
==00:00:05:52.104 4224==         suppressed: 0 bytes in 0 blocks
==00:00:05:52.104 4224== Reachable blocks (those to which a pointer was found) are not shown.
==00:00:05:52.104 4224== To see them, rerun with: --leak-check=full --show-leak-kinds=all
==00:00:05:52.104 4224== 
==00:00:05:52.104 4224== For counts of detected and suppressed errors, rerun with: -v
==00:00:05:52.104 4224== ERROR SUMMARY: 0 errors from 0 contexts (suppressed: 0 from 0)
